Copyright 1986-2018 Xilinx, Inc. All Rights Reserved.
--------------------------------------------------------------------------------------
| Tool Version : Vivado v.2018.2 (win64) Build 2258646 Thu Jun 14 20:03:12 MDT 2018
| Date         : Thu Nov 14 14:35:01 2019
| Host         : DESKTOP-52MUKO7 running 64-bit major release  (build 9200)
| Command      : report_control_sets -verbose -file LAB_5_top_control_sets_placed.rpt
| Design       : LAB_5_top
| Device       : xc7z020
--------------------------------------------------------------------------------------

Control Set Information

Table of Contents
-----------------
1. Summary
2. Histogram
3. Flip-Flop Distribution
4. Detailed Control Set Information

1. Summary
----------

+----------------------------------------------------------+-------+
|                          Status                          | Count |
+----------------------------------------------------------+-------+
| Number of unique control sets                            |    12 |
| Unused register locations in slices containing registers |    22 |
+----------------------------------------------------------+-------+


2. Histogram
------------

+--------+--------------+
| Fanout | Control Sets |
+--------+--------------+
|    16+ |           12 |
+--------+--------------+


3. Flip-Flop Distribution
-------------------------

+--------------+-----------------------+------------------------+-----------------+--------------+
| Clock Enable | Synchronous Set/Reset | Asynchronous Set/Reset | Total Registers | Total Slices |
+--------------+-----------------------+------------------------+-----------------+--------------+
| No           | No                    | No                     |               0 |            0 |
| No           | No                    | Yes                    |             122 |           27 |
| No           | Yes                   | No                     |               0 |            0 |
| Yes          | No                    | No                     |               0 |            0 |
| Yes          | No                    | Yes                    |             160 |           29 |
| Yes          | Yes                   | No                     |               0 |            0 |
+--------------+-----------------------+------------------------+-----------------+--------------+


4. Detailed Control Set Information
-----------------------------------

+-------------------+-------------------------------------------------------+------------------+------------------+----------------+
|    Clock Signal   |                     Enable Signal                     | Set/Reset Signal | Slice Load Count | Bel Load Count |
+-------------------+-------------------------------------------------------+------------------+------------------+----------------+
|  pulserClk_BUFG   | pulserGen[2].pulser/repeatIntervalInt[7]_i_1__0_n_0   | reset_IBUF       |                4 |             16 |
|  pulserClk_BUFG   | pulserGen[2].pulser/E[0]                              | reset_IBUF       |                3 |             16 |
|  pulserClk_BUFG   | pulserGen[2].pulser/redBrightness_reg[7][0]           | reset_IBUF       |                3 |             16 |
|  pulserClk_BUFG   | pulserGen[2].pulser/greenBrightness_reg[7][0]         | reset_IBUF       |                3 |             16 |
|  pulserClk_BUFG   | pulserGen[3].pulser/repeatIntervalInt[7]_i_1__1_n_0   | reset_IBUF       |                3 |             16 |
|  pulserClk_BUFG   | channelPulser/repeatIntervalInt[8]_i_1_n_0            | reset_IBUF       |                3 |             18 |
|  pulserClk_BUFG   | pulserGen[2].pulser/startRepeatDelayInt[9]_i_1__0_n_0 | reset_IBUF       |                3 |             20 |
|  pulserClk_BUFG   | pulserGen[3].pulser/startRepeatDelayInt[9]_i_1__1_n_0 | reset_IBUF       |                4 |             20 |
|  PWM_clk/CLK      |                                                       | reset_IBUF       |                6 |             22 |
|  pulserClk_BUFG   | channelPulser/startRepeatDelayInt[10]_i_1_n_0         | reset_IBUF       |                3 |             22 |
|  pulserClk_BUFG   |                                                       | reset_IBUF       |                9 |             36 |
|  sysclk_IBUF_BUFG |                                                       | reset_IBUF       |               12 |             64 |
+-------------------+-------------------------------------------------------+------------------+------------------+----------------+


